/home/stevechang/Workspace/Log/teraterm_240624_143819.log
Index         Time                           Information     FAA
---------------------------------------------------------------------
  1070557,40: [Tue Jun 25 06:33:52.018 2024] EH-RAID-XOR-NG: 33c80f84 4
  1070572,40: [Tue Jun 25 06:33:52.048 2024] EH-RAID-XOR-NG: 33c80f86 3
  1070574,40: [Tue Jun 25 06:33:52.048 2024] EH-RAID-XOR-NG: 33c80fae 4
  1070579,40: [Tue Jun 25 06:33:52.067 2024] EH-RAID-XOR-NG: 33c80f85 2
  1070585,40: [Tue Jun 25 06:33:52.099 2024] EH-RAID-XOR-NG: 33c80fcf 2
  1070587,40: [Tue Jun 25 06:33:52.099 2024] EH-RAID-XOR-NG: 33c80f87 3
  1070600,40: [Tue Jun 25 06:34:23.330 2024] EH-RAID-XOR-NG: 33c80fcc 2
  1070610,40: [Tue Jun 25 06:34:23.378 2024] EH-RAID-XOR-NG: 33c80fcd 2
  1070615,40: [Tue Jun 25 06:34:23.393 2024] EH-RAID-XOR-NG: 33c80fce 2
  1070619,40: [Tue Jun 25 06:34:23.426 2024] EH-RAID-XOR-NG: 33c80fef 1
  1070621,40: [Tue Jun 25 06:34:23.427 2024] EH-RAID-XOR-NG: 33c80fcf 2
  1070639,40: [Tue Jun 25 06:34:23.521 2024] EH-RAID-XOR-NG: 33c80fcc 1
  1070932,40: [Tue Jun 25 06:34:23.836 2024] EH-RAID-XOR-NG: 33c80fcc 1
  1070934,40: [Tue Jun 25 06:34:23.853 2024] EH-RAID-XOR-NG: 33c80fac 2
  1070936,40: [Tue Jun 25 06:34:23.853 2024] EH-RAID-XOR-NG: 33c80fa4 3
  1070938,40: [Tue Jun 25 06:34:23.853 2024] EH-RAID-XOR-NG: 33c80f84 4
  1070956,40: [Tue Jun 25 06:34:27.132 2024] EH-RAID-XOR-NG: 33c80fa6 2
  1070958,40: [Tue Jun 25 06:34:27.132 2024] EH-RAID-XOR-NG: 33c80f86 3
  1070960,40: [Tue Jun 25 06:34:27.149 2024] EH-RAID-XOR-NG: 33c87ec7 1
  1070967,40: [Tue Jun 25 06:34:27.151 2024] EH-RAID-XOR-NG: 33c80fcd 1
  1070969,40: [Tue Jun 25 06:34:27.151 2024] EH-RAID-XOR-NG: 33c80f85 2
  1070972,40: [Tue Jun 25 06:34:27.170 2024] EH-RAID-XOR-NG: 33c87ee4 1
  1070980,40: [Tue Jun 25 06:34:27.183 2024] EH-RAID-XOR-NG: 33c80fa7 1
  1070982,40: [Tue Jun 25 06:34:27.183 2024] EH-RAID-XOR-NG: 33c80fcf 2
  1070984,40: [Tue Jun 25 06:34:27.183 2024] EH-RAID-XOR-NG: 33c80f87 3
  1070986,40: [Tue Jun 25 06:34:27.196 2024] EH-RAID-XOR-NG: 33c80faf 4
  1071032,40: [Tue Jun 25 06:34:30.573 2024] EH-RAID-XOR-NG: 33c80fec 1
  1071034,40: [Tue Jun 25 06:34:30.573 2024] EH-RAID-XOR-NG: 33c80fcc 2
  1071036,40: [Tue Jun 25 06:34:30.592 2024] EH-RAID-XOR-NG: 33c80fa4 3
  1071038,40: [Tue Jun 25 06:34:30.592 2024] EH-RAID-XOR-NG: 33c80f84 4
  1071047,40: [Tue Jun 25 06:34:30.623 2024] EH-RAID-XOR-NG: 33c80fed 1
  1071049,40: [Tue Jun 25 06:34:30.623 2024] EH-RAID-XOR-NG: 33c80fcd 2
  1071051,40: [Tue Jun 25 06:34:30.623 2024] EH-RAID-XOR-NG: 33c80fa5 3
  1071053,40: [Tue Jun 25 06:34:30.639 2024] EH-RAID-XOR-NG: 33c80f85 4
  1071056,40: [Tue Jun 25 06:34:30.652 2024] EH-RAID-XOR-NG: 33c80fee 1
  1071058,40: [Tue Jun 25 06:34:30.652 2024] EH-RAID-XOR-NG: 33c80fce 2
  1071060,40: [Tue Jun 25 06:34:30.652 2024] EH-RAID-XOR-NG: 33c80fa6 3
  1071062,40: [Tue Jun 25 06:34:30.675 2024] EH-RAID-XOR-NG: 33c80f86 4
  1071065,40: [Tue Jun 25 06:34:30.675 2024] EH-RAID-XOR-NG: 33c80fef 1
  1071067,40: [Tue Jun 25 06:34:30.687 2024] EH-RAID-XOR-NG: 33c80fcf 2
  1071070,40: [Tue Jun 25 06:34:30.700 2024] EH-RAID-XOR-NG: 33c91076 5
  1071094,40: [Tue Jun 25 06:34:30.735 2024] EH-RAID-XOR-NG: 33c80fcc 1
  1071115,40: [Tue Jun 25 06:34:30.780 2024] EH-RAID-XOR-NG: 33c80f84 3
  1071117,40: [Tue Jun 25 06:34:30.802 2024] EH-RAID-XOR-NG: 33c80fec 4
  1071143,40: [Tue Jun 25 06:34:30.893 2024] EH-RAID-XOR-NG: 33c80f84 1
  1071145,40: [Tue Jun 25 06:34:30.893 2024] EH-RAID-XOR-NG: 33c80fac 2
  1071154,40: [Tue Jun 25 06:34:30.924 2024] EH-RAID-XOR-NG: 33c910a6 3
  1071160,40: [Tue Jun 25 06:34:30.924 2024] EH-RAID-XOR-NG: 33c80fcc 4
  1071163,40: [Tue Jun 25 06:34:30.924 2024] EH-RAID-XOR-NG: 33c80fec 1
  1071166,40: [Tue Jun 25 06:34:30.957 2024] EH-RAID-XOR-NG: 33c91016 9
  1071169,40: [Tue Jun 25 06:34:30.957 2024] EH-RAID-XOR-NG: 33c80f84 4
  1071193,40: [Tue Jun 25 06:34:31.005 2024] EH-RAID-XOR-NG: 33c80f84 2
  1071195,40: [Tue Jun 25 06:34:31.005 2024] EH-RAID-XOR-NG: 33c80fac 3
  1071209,40: [Tue Jun 25 06:34:31.051 2024] EH-RAID-XOR-NG: 33c80fa4 4
  1071212,40: [Tue Jun 25 06:34:31.052 2024] EH-RAID-XOR-NG: 33c80fec 1
  1071214,40: [Tue Jun 25 06:34:31.052 2024] EH-RAID-XOR-NG: 33c80fcc 2
  1071216,40: [Tue Jun 25 06:34:31.067 2024] EH-RAID-XOR-NG: 33c80fac 3
  1071218,40: [Tue Jun 25 06:34:31.080 2024] EH-RAID-XOR-NG: 33c80f84 4
  1071229,40: [Tue Jun 25 06:34:31.117 2024] EH-RAID-XOR-NG: 33c910a5 6
  1071240,40: [Tue Jun 25 06:34:31.134 2024] EH-RAID-XOR-NG: 33c87ec5 1
  1071245,40: [Tue Jun 25 06:34:31.163 2024] EH-RAID-XOR-NG: 33c87ec6 1
  1071248,40: [Tue Jun 25 06:34:31.167 2024] EH-RAID-XOR-NG: 33c87ec7 1
  1071258,40: [Tue Jun 25 06:34:31.192 2024] EH-RAID-XOR-NG: 33c87ee4 1
  1071264,40: [Tue Jun 25 06:34:31.212 2024] EH-RAID-XOR-NG: 33c91077 5
  1071270,40: [Tue Jun 25 06:34:31.226 2024] EH-RAID-XOR-NG: 33c87ee6 1
  1071273,40: [Tue Jun 25 06:34:31.226 2024] EH-RAID-XOR-NG: 33c87ee7 1
  1071289,40: [Tue Jun 25 06:34:31.257 2024] EH-RAID-XOR-NG: 33c910cc 2
  1071291,40: [Tue Jun 25 06:34:31.257 2024] EH-RAID-XOR-NG: 33c910a4 3
  1071293,40: [Tue Jun 25 06:34:31.273 2024] EH-RAID-XOR-NG: 33c91084 4
  1071295,40: [Tue Jun 25 06:34:31.273 2024] EH-RAID-XOR-NG: 33c91074 5
  1071297,40: [Tue Jun 25 06:34:31.273 2024] EH-RAID-XOR-NG: 33c91054 6
  1071299,40: [Tue Jun 25 06:34:31.292 2024] EH-RAID-XOR-NG: 33c91044 7
  1071301,40: [Tue Jun 25 06:34:31.292 2024] EH-RAID-XOR-NG: 33c91034 8
  1071303,40: [Tue Jun 25 06:34:31.303 2024] EH-RAID-XOR-NG: 33c91014 9
  1071312,40: [Tue Jun 25 06:34:31.317 2024] EH-RAID-XOR-NG: 33c910ed 1
  1071314,40: [Tue Jun 25 06:34:31.317 2024] EH-RAID-XOR-NG: 33c910cd 2
  1071316,40: [Tue Jun 25 06:34:31.317 2024] EH-RAID-XOR-NG: 33c910a5 3
  1071318,40: [Tue Jun 25 06:34:31.335 2024] EH-RAID-XOR-NG: 33c91085 4
  1071320,40: [Tue Jun 25 06:34:31.335 2024] EH-RAID-XOR-NG: 33c91075 5
  1071322,40: [Tue Jun 25 06:34:31.335 2024] EH-RAID-XOR-NG: 33c91055 6
  1071324,40: [Tue Jun 25 06:34:31.351 2024] EH-RAID-XOR-NG: 33c91045 7
  1071326,40: [Tue Jun 25 06:34:31.351 2024] EH-RAID-XOR-NG: 33c91035 8
  1071328,40: [Tue Jun 25 06:34:31.364 2024] EH-RAID-XOR-NG: 33c91015 9
  1071331,40: [Tue Jun 25 06:34:31.364 2024] EH-RAID-XOR-NG: 33c910ee 1
  1071333,40: [Tue Jun 25 06:34:31.364 2024] EH-RAID-XOR-NG: 33c910ce 2
  1071335,40: [Tue Jun 25 06:34:31.384 2024] EH-RAID-XOR-NG: 33c910a6 3
  1071337,40: [Tue Jun 25 06:34:31.397 2024] EH-RAID-XOR-NG: 33c91086 4
  1071339,40: [Tue Jun 25 06:34:31.399 2024] EH-RAID-XOR-NG: 33c91076 5
  1071341,40: [Tue Jun 25 06:34:31.399 2024] EH-RAID-XOR-NG: 33c91056 6
  1071343,40: [Tue Jun 25 06:34:31.399 2024] EH-RAID-XOR-NG: 33c91046 7
  1071345,40: [Tue Jun 25 06:34:31.399 2024] EH-RAID-XOR-NG: 33c91036 8
  1071347,40: [Tue Jun 25 06:34:31.417 2024] EH-RAID-XOR-NG: 33c91016 9
  1071350,40: [Tue Jun 25 06:34:31.431 2024] EH-RAID-XOR-NG: 33c910ef 1
  1071352,40: [Tue Jun 25 06:34:31.431 2024] EH-RAID-XOR-NG: 33c910cf 2
  1071354,40: [Tue Jun 25 06:34:31.431 2024] EH-RAID-XOR-NG: 33c910a7 3
  1071356,40: [Tue Jun 25 06:34:31.431 2024] EH-RAID-XOR-NG: 33c91087 4
  1071358,40: [Tue Jun 25 06:34:31.444 2024] EH-RAID-XOR-NG: 33c91077 5
  1071360,40: [Tue Jun 25 06:34:31.460 2024] EH-RAID-XOR-NG: 33c91057 6
  1071362,40: [Tue Jun 25 06:34:31.460 2024] EH-RAID-XOR-NG: 33c91047 7
  1071364,40: [Tue Jun 25 06:34:31.463 2024] EH-RAID-XOR-NG: 33c91037 8
  1071366,40: [Tue Jun 25 06:34:31.463 2024] EH-RAID-XOR-NG: 33c91017 9
  1071375,40: [Tue Jun 25 06:34:31.491 2024] EH-RAID-XOR-NG: 33c910cc 1
  1071377,40: [Tue Jun 25 06:34:31.491 2024] EH-RAID-XOR-NG: 33c910ac 2
  1071379,40: [Tue Jun 25 06:34:31.507 2024] EH-RAID-XOR-NG: 33c910a4 3
  1071381,40: [Tue Jun 25 06:34:31.507 2024] EH-RAID-XOR-NG: 33c91084 4
  1071383,40: [Tue Jun 25 06:34:31.510 2024] EH-RAID-XOR-NG: 33c91074 5
  1071385,40: [Tue Jun 25 06:34:31.523 2024] EH-RAID-XOR-NG: 33c91054 6
  1071387,40: [Tue Jun 25 06:34:31.523 2024] EH-RAID-XOR-NG: 33c91044 7
  1071389,40: [Tue Jun 25 06:34:31.525 2024] EH-RAID-XOR-NG: 33c91034 8
  1071391,40: [Tue Jun 25 06:34:31.525 2024] EH-RAID-XOR-NG: 33c91014 9
  1071400,40: [Tue Jun 25 06:34:31.557 2024] EH-RAID-XOR-NG: 33c910ad 1
  1071402,40: [Tue Jun 25 06:34:31.557 2024] EH-RAID-XOR-NG: 33c910cd 2
  1071404,40: [Tue Jun 25 06:34:31.557 2024] EH-RAID-XOR-NG: 33c91045 3
  1071406,40: [Tue Jun 25 06:34:31.570 2024] EH-RAID-XOR-NG: 33c91035 4
  1071408,40: [Tue Jun 25 06:34:31.570 2024] EH-RAID-XOR-NG: 33c91085 5
  1071410,40: [Tue Jun 25 06:34:31.570 2024] EH-RAID-XOR-NG: 33c91055 6
  1071412,40: [Tue Jun 25 06:34:31.591 2024] EH-RAID-XOR-NG: 33c91075 7
  1071414,40: [Tue Jun 25 06:34:31.591 2024] EH-RAID-XOR-NG: 33c910a5 8
  1071416,40: [Tue Jun 25 06:34:31.602 2024] EH-RAID-XOR-NG: 33c91015 9
  1071419,40: [Tue Jun 25 06:34:31.604 2024] EH-RAID-XOR-NG: 33c910ce 1
  1071421,40: [Tue Jun 25 06:34:31.604 2024] EH-RAID-XOR-NG: 33c910ae 2
  1071423,40: [Tue Jun 25 06:34:31.617 2024] EH-RAID-XOR-NG: 33c910a6 3
  1071425,40: [Tue Jun 25 06:34:31.617 2024] EH-RAID-XOR-NG: 33c91086 4
  1071427,40: [Tue Jun 25 06:34:31.617 2024] EH-RAID-XOR-NG: 33c91076 5
  1071429,40: [Tue Jun 25 06:34:31.617 2024] EH-RAID-XOR-NG: 33c91056 6
  1071431,40: [Tue Jun 25 06:34:31.617 2024] EH-RAID-XOR-NG: 33c91046 7
  1071433,40: [Tue Jun 25 06:34:31.638 2024] EH-RAID-XOR-NG: 33c91036 8
  1071435,40: [Tue Jun 25 06:34:31.650 2024] EH-RAID-XOR-NG: 33c91016 9
  1071438,40: [Tue Jun 25 06:34:31.650 2024] EH-RAID-XOR-NG: 33c910cf 1
  1071440,40: [Tue Jun 25 06:34:31.652 2024] EH-RAID-XOR-NG: 33c910af 2
  1071442,40: [Tue Jun 25 06:34:31.670 2024] EH-RAID-XOR-NG: 33c910a7 3
  1071444,40: [Tue Jun 25 06:34:31.671 2024] EH-RAID-XOR-NG: 33c91087 4
  1071446,40: [Tue Jun 25 06:34:31.671 2024] EH-RAID-XOR-NG: 33c91077 5
  1071448,40: [Tue Jun 25 06:34:31.683 2024] EH-RAID-XOR-NG: 33c91057 6
  1071450,40: [Tue Jun 25 06:34:31.683 2024] EH-RAID-XOR-NG: 33c91047 7
  1071452,40: [Tue Jun 25 06:34:31.683 2024] EH-RAID-XOR-NG: 33c91037 8
  1071454,40: [Tue Jun 25 06:34:31.696 2024] EH-RAID-XOR-NG: 33c91017 9
  1071465,40: [Tue Jun 25 06:34:31.716 2024] EH-RAID-XOR-NG: 33c910cc 1
  1071467,40: [Tue Jun 25 06:34:31.717 2024] EH-RAID-XOR-NG: 33c910ac 2
  1071469,40: [Tue Jun 25 06:34:31.730 2024] EH-RAID-XOR-NG: 33c910a4 3
  1071471,40: [Tue Jun 25 06:34:31.730 2024] EH-RAID-XOR-NG: 33c91084 4
  1071473,40: [Tue Jun 25 06:34:31.730 2024] EH-RAID-XOR-NG: 33c91074 5
  1071475,40: [Tue Jun 25 06:34:31.746 2024] EH-RAID-XOR-NG: 33c91054 6
  1071477,40: [Tue Jun 25 06:34:31.746 2024] EH-RAID-XOR-NG: 33c91044 7
  1071479,40: [Tue Jun 25 06:34:31.746 2024] EH-RAID-XOR-NG: 33c91034 8
  1071481,40: [Tue Jun 25 06:34:31.763 2024] EH-RAID-XOR-NG: 33c91014 9
  1071490,40: [Tue Jun 25 06:34:31.776 2024] EH-RAID-XOR-NG: 33c910ad 1
  1071492,40: [Tue Jun 25 06:34:31.792 2024] EH-RAID-XOR-NG: 33c91035 2
  1071494,40: [Tue Jun 25 06:34:31.792 2024] EH-RAID-XOR-NG: 33c91045 3
  1071496,40: [Tue Jun 25 06:34:31.796 2024] EH-RAID-XOR-NG: 33c91085 4
  1071498,40: [Tue Jun 25 06:34:31.810 2024] EH-RAID-XOR-NG: 33c91055 5
  1071500,40: [Tue Jun 25 06:34:31.817 2024] EH-RAID-XOR-NG: 33c910a5 6
  1071502,40: [Tue Jun 25 06:34:31.823 2024] EH-RAID-XOR-NG: 33c91075 7
  1071504,40: [Tue Jun 25 06:34:31.823 2024] EH-RAID-XOR-NG: 33c910cd 8
  1071506,40: [Tue Jun 25 06:34:31.823 2024] EH-RAID-XOR-NG: 33c91015 9
  1071509,40: [Tue Jun 25 06:34:31.842 2024] EH-RAID-XOR-NG: 33c910ce 1
  1071511,40: [Tue Jun 25 06:34:31.842 2024] EH-RAID-XOR-NG: 33c910ae 2
  1071513,40: [Tue Jun 25 06:34:31.842 2024] EH-RAID-XOR-NG: 33c910a6 3
  1071515,40: [Tue Jun 25 06:34:31.858 2024] EH-RAID-XOR-NG: 33c91086 4
  1071517,40: [Tue Jun 25 06:34:31.858 2024] EH-RAID-XOR-NG: 33c91076 5
  1071519,40: [Tue Jun 25 06:34:31.858 2024] EH-RAID-XOR-NG: 33c91056 6
  1071521,40: [Tue Jun 25 06:34:31.873 2024] EH-RAID-XOR-NG: 33c91046 7
  1071523,40: [Tue Jun 25 06:34:31.876 2024] EH-RAID-XOR-NG: 33c91036 8
  1071525,40: [Tue Jun 25 06:34:31.877 2024] EH-RAID-XOR-NG: 33c91016 9
  1071528,40: [Tue Jun 25 06:34:31.889 2024] EH-RAID-XOR-NG: 33c910cf 1
  1071530,40: [Tue Jun 25 06:34:31.889 2024] EH-RAID-XOR-NG: 33c910af 2
  1071532,40: [Tue Jun 25 06:34:31.889 2024] EH-RAID-XOR-NG: 33c910a7 3
  1071534,40: [Tue Jun 25 06:34:31.903 2024] EH-RAID-XOR-NG: 33c91087 4
  1071536,40: [Tue Jun 25 06:34:31.903 2024] EH-RAID-XOR-NG: 33c91077 5
  1071538,40: [Tue Jun 25 06:34:31.903 2024] EH-RAID-XOR-NG: 33c91057 6
  1071540,40: [Tue Jun 25 06:34:31.922 2024] EH-RAID-XOR-NG: 33c91037 9
  1071542,40: [Tue Jun 25 06:34:31.922 2024] EH-RAID-XOR-NG: 33c91037 8
  1071544,40: [Tue Jun 25 06:34:31.922 2024] EH-RAID-XOR-NG: 33c91017 9
  1071554,40: [Tue Jun 25 06:34:31.950 2024] EH-RAID-XOR-NG: 33c910ec 1
  1071556,40: [Tue Jun 25 06:34:31.950 2024] EH-RAID-XOR-NG: 33c910cc 2
  1071559,40: [Tue Jun 25 06:34:31.969 2024] EH-RAID-XOR-NG: 33c91084 2
  1071562,40: [Tue Jun 25 06:34:31.969 2024] EH-RAID-XOR-NG: 33c91084 5
  1071564,40: [Tue Jun 25 06:34:31.969 2024] EH-RAID-XOR-NG: 33c91074 6
  1071566,40: [Tue Jun 25 06:34:31.969 2024] EH-RAID-XOR-NG: 33c91044 7
  1071568,40: [Tue Jun 25 06:34:31.985 2024] EH-RAID-XOR-NG: 33c91054 8
  1071570,40: [Tue Jun 25 06:34:31.985 2024] EH-RAID-XOR-NG: 33c91014 9
  1071579,40: [Tue Jun 25 06:34:32.018 2024] EH-RAID-XOR-NG: 33c910ad 1
  1071581,40: [Tue Jun 25 06:34:32.018 2024] EH-RAID-XOR-NG: 33c91015 2
  1071583,40: [Tue Jun 25 06:34:32.030 2024] EH-RAID-XOR-NG: 33c91045 3
  1071585,40: [Tue Jun 25 06:34:32.030 2024] EH-RAID-XOR-NG: 33c91055 4
  1071587,40: [Tue Jun 25 06:34:32.030 2024] EH-RAID-XOR-NG: 33c91085 5
  1071589,40: [Tue Jun 25 06:34:32.051 2024] EH-RAID-XOR-NG: 33c91075 6
  1071591,40: [Tue Jun 25 06:34:32.051 2024] EH-RAID-XOR-NG: 33c910a5 7
  1071593,40: [Tue Jun 25 06:34:32.051 2024] EH-RAID-XOR-NG: 33c910ed 8
  1071595,40: [Tue Jun 25 06:34:32.064 2024] EH-RAID-XOR-NG: 33c910cd 9
  1071598,40: [Tue Jun 25 06:34:32.077 2024] EH-RAID-XOR-NG: 33c910ee 1
  1071600,40: [Tue Jun 25 06:34:32.079 2024] EH-RAID-XOR-NG: 33c910ce 2
  1071602,40: [Tue Jun 25 06:34:32.079 2024] EH-RAID-XOR-NG: 33c910ae 3
  1071604,40: [Tue Jun 25 06:34:32.096 2024] EH-RAID-XOR-NG: 33c910a6 4
  1071606,40: [Tue Jun 25 06:34:32.096 2024] EH-RAID-XOR-NG: 33c91086 5
  1071608,40: [Tue Jun 25 06:34:32.096 2024] EH-RAID-XOR-NG: 33c91076 6
  1071610,40: [Tue Jun 25 06:34:32.109 2024] EH-RAID-XOR-NG: 33c91056 7
  1071612,40: [Tue Jun 25 06:34:32.109 2024] EH-RAID-XOR-NG: 33c91046 8
  1071614,40: [Tue Jun 25 06:34:32.109 2024] EH-RAID-XOR-NG: 33c91016 9
  1071617,40: [Tue Jun 25 06:34:32.118 2024] EH-RAID-XOR-NG: 33c910ef 1
  1071619,40: [Tue Jun 25 06:34:32.118 2024] EH-RAID-XOR-NG: 33c910cf 2
  1071625,40: [Tue Jun 25 06:34:32.143 2024] EH-RAID-XOR-NG: 33c91087 5
  1071627,40: [Tue Jun 25 06:34:32.143 2024] EH-RAID-XOR-NG: 33c91077 6
  1071629,40: [Tue Jun 25 06:34:32.143 2024] EH-RAID-XOR-NG: 33c91057 7
  1071631,40: [Tue Jun 25 06:34:32.143 2024] EH-RAID-XOR-NG: 33c91047 8
  1071633,40: [Tue Jun 25 06:34:32.156 2024] EH-RAID-XOR-NG: 33c91017 9
  1071643,40: [Tue Jun 25 06:34:32.172 2024] EH-RAID-XOR-NG: 33c910ec 1
  1071645,40: [Tue Jun 25 06:34:32.190 2024] EH-RAID-XOR-NG: 33c910cc 2
  1071647,40: [Tue Jun 25 06:34:32.190 2024] EH-RAID-XOR-NG: 33c910ac 3
  1071649,40: [Tue Jun 25 06:34:32.206 2024] EH-RAID-XOR-NG: 33c910a4 4
  1071651,40: [Tue Jun 25 06:34:32.206 2024] EH-RAID-XOR-NG: 33c91084 5
  1071653,40: [Tue Jun 25 06:34:32.206 2024] EH-RAID-XOR-NG: 33c91074 6
  1071655,40: [Tue Jun 25 06:34:32.222 2024] EH-RAID-XOR-NG: 33c91044 7
  1071657,40: [Tue Jun 25 06:34:32.222 2024] EH-RAID-XOR-NG: 33c91054 8
  1071659,40: [Tue Jun 25 06:34:32.222 2024] EH-RAID-XOR-NG: 33c91034 9
  1071668,40: [Tue Jun 25 06:34:32.254 2024] EH-RAID-XOR-NG: 33c910ad 1
  1071670,40: [Tue Jun 25 06:34:32.254 2024] EH-RAID-XOR-NG: 33c91035 2
  1071672,40: [Tue Jun 25 06:34:32.270 2024] EH-RAID-XOR-NG: 33c91045 3
  1071674,40: [Tue Jun 25 06:34:32.270 2024] EH-RAID-XOR-NG: 33c91055 4
  1071676,40: [Tue Jun 25 06:34:32.270 2024] EH-RAID-XOR-NG: 33c91085 5
  1071678,40: [Tue Jun 25 06:34:32.283 2024] EH-RAID-XOR-NG: 33c91075 6
  1071680,40: [Tue Jun 25 06:34:32.283 2024] EH-RAID-XOR-NG: 33c910a5 7
  1071682,40: [Tue Jun 25 06:34:32.283 2024] EH-RAID-XOR-NG: 33c910ed 8
  1071684,40: [Tue Jun 25 06:34:32.283 2024] EH-RAID-XOR-NG: 33c910cd 9
  1071689,40: [Tue Jun 25 06:34:32.301 2024] EH-RAID-XOR-NG: 33c910ae 2
  1071691,40: [Tue Jun 25 06:34:32.301 2024] EH-RAID-XOR-NG: 33c910ce 3
  1071693,40: [Tue Jun 25 06:34:32.318 2024] EH-RAID-XOR-NG: 33c910a6 4
  1071695,40: [Tue Jun 25 06:34:32.318 2024] EH-RAID-XOR-NG: 33c91056 5
  1071697,40: [Tue Jun 25 06:34:32.318 2024] EH-RAID-XOR-NG: 33c91086 6
  1071699,40: [Tue Jun 25 06:34:32.333 2024] EH-RAID-XOR-NG: 33c91017 9
  1071701,40: [Tue Jun 25 06:34:32.333 2024] EH-RAID-XOR-NG: 33c91046 8
  1071703,40: [Tue Jun 25 06:34:32.333 2024] EH-RAID-XOR-NG: 33c91036 9
  1071706,40: [Tue Jun 25 06:34:32.349 2024] EH-RAID-XOR-NG: 33c910ef 1
  1071708,40: [Tue Jun 25 06:34:32.349 2024] EH-RAID-XOR-NG: 33c910cf 2
  1071710,40: [Tue Jun 25 06:34:32.362 2024] EH-RAID-XOR-NG: 33c910af 3
  1071712,40: [Tue Jun 25 06:34:32.362 2024] EH-RAID-XOR-NG: 33c910a7 4
  1071714,40: [Tue Jun 25 06:34:32.380 2024] EH-RAID-XOR-NG: 33c91087 5
  1071716,40: [Tue Jun 25 06:34:32.380 2024] EH-RAID-XOR-NG: 33c91077 6
  1071718,40: [Tue Jun 25 06:34:32.380 2024] EH-RAID-XOR-NG: 33c91057 7
  1071720,40: [Tue Jun 25 06:34:32.380 2024] EH-RAID-XOR-NG: 33c91047 8
  1071723,40: [Tue Jun 25 06:34:32.396 2024] EH-RAID-XOR-NG: 33c91074 6
  1071734,40: [Tue Jun 25 06:34:32.418 2024] EH-RAID-XOR-NG: 33c910ec 1
  1071736,40: [Tue Jun 25 06:34:32.428 2024] EH-RAID-XOR-NG: 33c910cc 2
  1071738,40: [Tue Jun 25 06:34:32.428 2024] EH-RAID-XOR-NG: 33c910ac 3
  1071740,40: [Tue Jun 25 06:34:32.428 2024] EH-RAID-XOR-NG: 33c910a4 4
  1071742,40: [Tue Jun 25 06:34:32.441 2024] EH-RAID-XOR-NG: 33c91084 5
  1071744,40: [Tue Jun 25 06:34:32.441 2024] EH-RAID-XOR-NG: 33c91074 6
  1071746,40: [Tue Jun 25 06:34:32.441 2024] EH-RAID-XOR-NG: 33c91044 7
  1071748,40: [Tue Jun 25 06:34:32.441 2024] EH-RAID-XOR-NG: 33c91054 8
  1071750,40: [Tue Jun 25 06:34:32.459 2024] EH-RAID-XOR-NG: 33c91034 9
  1071759,40: [Tue Jun 25 06:34:32.475 2024] EH-RAID-XOR-NG: 33c910ad 1
  1071761,40: [Tue Jun 25 06:34:32.488 2024] EH-RAID-XOR-NG: 33c91035 2
  1071763,40: [Tue Jun 25 06:34:32.488 2024] EH-RAID-XOR-NG: 33c91045 3
  1071765,40: [Tue Jun 25 06:34:32.488 2024] EH-RAID-XOR-NG: 33c91055 4
  1071767,40: [Tue Jun 25 06:34:32.506 2024] EH-RAID-XOR-NG: 33c91085 5
  1071769,40: [Tue Jun 25 06:34:32.523 2024] EH-RAID-XOR-NG: 33c91075 6
  1071771,40: [Tue Jun 25 06:34:32.523 2024] EH-RAID-XOR-NG: 33c910a5 7
  1071773,40: [Tue Jun 25 06:34:32.523 2024] EH-RAID-XOR-NG: 33c910ed 8
  1071775,40: [Tue Jun 25 06:34:32.523 2024] EH-RAID-XOR-NG: 33c910cd 9
  1071778,40: [Tue Jun 25 06:34:32.604 2024] EH-RAID-XOR-NG: 33c910ee 1
  1071780,40: [Tue Jun 25 06:34:32.618 2024] EH-RAID-XOR-NG: 33c910ce 2
  1071782,40: [Tue Jun 25 06:34:32.618 2024] EH-RAID-XOR-NG: 33c910ae 3
  1071784,40: [Tue Jun 25 06:34:32.618 2024] EH-RAID-XOR-NG: 33c910a6 4
  1071788,40: [Tue Jun 25 06:34:32.635 2024] EH-RAID-XOR-NG: 33c91076 6
  1071790,40: [Tue Jun 25 06:34:32.635 2024] EH-RAID-XOR-NG: 33c91056 7
  1071792,40: [Tue Jun 25 06:34:32.649 2024] EH-RAID-XOR-NG: 33c91046 8
  1071794,40: [Tue Jun 25 06:34:32.649 2024] EH-RAID-XOR-NG: 33c91036 9
  1071797,40: [Tue Jun 25 06:34:32.664 2024] EH-RAID-XOR-NG: 33c910ef 1
  1071799,40: [Tue Jun 25 06:34:32.664 2024] EH-RAID-XOR-NG: 33c910cf 2
  1071801,40: [Tue Jun 25 06:34:32.664 2024] EH-RAID-XOR-NG: 33c910af 3
  1071803,40: [Tue Jun 25 06:34:32.681 2024] EH-RAID-XOR-NG: 33c910a7 4
  1071805,40: [Tue Jun 25 06:34:32.694 2024] EH-RAID-XOR-NG: 33c91087 5
  1071807,40: [Tue Jun 25 06:34:32.694 2024] EH-RAID-XOR-NG: 33c91077 6
  1071809,40: [Tue Jun 25 06:34:32.694 2024] EH-RAID-XOR-NG: 33c91057 7
  1071811,40: [Tue Jun 25 06:34:32.694 2024] EH-RAID-XOR-NG: 33c91047 8
  1071813,40: [Tue Jun 25 06:34:32.694 2024] EH-RAID-XOR-NG: 33c91037 9
  1071830,40: [Tue Jun 25 06:34:32.741 2024] EH-RAID-XOR-NG: 33c910ec 1
  1071832,40: [Tue Jun 25 06:34:32.741 2024] EH-RAID-XOR-NG: 33c91084 2
  1071834,40: [Tue Jun 25 06:34:32.759 2024] EH-RAID-XOR-NG: 33c910ac 3
  1071836,40: [Tue Jun 25 06:34:32.759 2024] EH-RAID-XOR-NG: 33c91056 7
  1071838,40: [Tue Jun 25 06:34:32.759 2024] EH-RAID-XOR-NG: 33c91044 5
  1071840,40: [Tue Jun 25 06:34:32.759 2024] EH-RAID-XOR-NG: 33c910a4 6
  1071842,40: [Tue Jun 25 06:34:32.775 2024] EH-RAID-XOR-NG: 33c910cc 7
  1071844,40: [Tue Jun 25 06:34:32.775 2024] EH-RAID-XOR-NG: 33c91034 8
  1071858,40: [Tue Jun 25 06:34:32.820 2024] EH-RAID-XOR-NG: 33c91074 9
  1071861,40: [Tue Jun 25 06:34:32.835 2024] EH-RAID-XOR-NG: 33c910ec 1
  1071866,40: [Tue Jun 25 06:34:32.838 2024] EH-RAID-XOR-NG: 33c910ac 3
  1071868,40: [Tue Jun 25 06:34:32.838 2024] EH-RAID-XOR-NG: 33c910a4 4
  1071870,40: [Tue Jun 25 06:34:33.961 2024] EH-RAID-XOR-NG: 33c91084 5
  1071872,40: [Tue Jun 25 06:34:33.961 2024] EH-RAID-XOR-NG: 33c91054 6
  1071874,40: [Tue Jun 25 06:34:33.979 2024] EH-RAID-XOR-NG: 33c91044 7
  1071876,40: [Tue Jun 25 06:34:33.979 2024] EH-RAID-XOR-NG: 33c91034 8
  1071878,40: [Tue Jun 25 06:34:33.993 2024] EH-RAID-XOR-NG: 33c91014 9
  1071896,40: [Tue Jun 25 06:34:34.043 2024] EH-RAID-XOR-NG: 33c910ec 1
  1071898,40: [Tue Jun 25 06:34:34.043 2024] EH-RAID-XOR-NG: 33c910ac 2
  1071900,40: [Tue Jun 25 06:34:34.043 2024] EH-RAID-XOR-NG: 33c910a4 3
  1071902,40: [Tue Jun 25 06:34:34.056 2024] EH-RAID-XOR-NG: 33c91084 4
  1071904,40: [Tue Jun 25 06:34:34.056 2024] EH-RAID-XOR-NG: 33c91074 5
  1071906,40: [Tue Jun 25 06:34:34.060 2024] EH-RAID-XOR-NG: 33c91054 6
  1071908,40: [Tue Jun 25 06:34:34.060 2024] EH-RAID-XOR-NG: 33c91044 7
  1071910,40: [Tue Jun 25 06:34:34.074 2024] EH-RAID-XOR-NG: 33c91034 8
  1071912,40: [Tue Jun 25 06:34:34.074 2024] EH-RAID-XOR-NG: 33c91014 9
  1071921,40: [Tue Jun 25 06:34:34.121 2024] EH-RAID-XOR-NG: 33c910ad 1
  1071923,40: [Tue Jun 25 06:34:34.121 2024] EH-RAID-XOR-NG: 33c910a5 2
  1071925,40: [Tue Jun 25 06:34:34.121 2024] EH-RAID-XOR-NG: 33c91015 3
  1071927,40: [Tue Jun 25 06:34:34.138 2024] EH-RAID-XOR-NG: 33c91045 4
  1071929,40: [Tue Jun 25 06:34:34.138 2024] EH-RAID-XOR-NG: 33c91035 5
  1071931,40: [Tue Jun 25 06:34:34.151 2024] EH-RAID-XOR-NG: 33c91085 6
  1071933,40: [Tue Jun 25 06:34:34.151 2024] EH-RAID-XOR-NG: 33c91055 7
  1071935,40: [Tue Jun 25 06:34:34.151 2024] EH-RAID-XOR-NG: 33c910ed 8
  1071937,40: [Tue Jun 25 06:34:34.151 2024] EH-RAID-XOR-NG: 33c91075 9
  1071940,40: [Tue Jun 25 06:34:34.169 2024] EH-RAID-XOR-NG: 33c910ee 1
  1071946,40: [Tue Jun 25 06:34:34.185 2024] EH-RAID-XOR-NG: 33c91086 4
  1071948,40: [Tue Jun 25 06:34:34.185 2024] EH-RAID-XOR-NG: 33c91076 5
  1071950,40: [Tue Jun 25 06:34:34.198 2024] EH-RAID-XOR-NG: 33c91056 6
  1071952,40: [Tue Jun 25 06:34:34.198 2024] EH-RAID-XOR-NG: 33c91046 7
  1071954,40: [Tue Jun 25 06:34:34.198 2024] EH-RAID-XOR-NG: 33c91036 8
  1071959,40: [Tue Jun 25 06:34:34.218 2024] EH-RAID-XOR-NG: 33c910ef 1
  1071961,40: [Tue Jun 25 06:34:34.218 2024] EH-RAID-XOR-NG: 33c910af 2
  1071963,40: [Tue Jun 25 06:34:34.231 2024] EH-RAID-XOR-NG: 33c910a7 3
  1071965,40: [Tue Jun 25 06:34:34.233 2024] EH-RAID-XOR-NG: 33c91087 4
  1071967,40: [Tue Jun 25 06:34:34.233 2024] EH-RAID-XOR-NG: 33c91077 5
  1071969,40: [Tue Jun 25 06:34:34.248 2024] EH-RAID-XOR-NG: 33c91057 6
  1071971,40: [Tue Jun 25 06:34:34.248 2024] EH-RAID-XOR-NG: 33c91047 7
  1071973,40: [Tue Jun 25 06:34:34.264 2024] EH-RAID-XOR-NG: 33c91037 8
  1071975,40: [Tue Jun 25 06:34:34.264 2024] EH-RAID-XOR-NG: 33c91017 9
  1071989,40: [Tue Jun 25 06:34:34.297 2024] EH-RAID-XOR-NG: 33c910ec 1
  1071991,40: [Tue Jun 25 06:34:34.309 2024] EH-RAID-XOR-NG: 33c91054 2
  1071993,40: [Tue Jun 25 06:34:34.318 2024] EH-RAID-XOR-NG: 33c91014 3
  1071995,40: [Tue Jun 25 06:34:34.318 2024] EH-RAID-XOR-NG: 33c91034 4
  1071997,40: [Tue Jun 25 06:34:34.325 2024] EH-RAID-XOR-NG: 33c91044 5
  1071999,40: [Tue Jun 25 06:34:34.325 2024] EH-RAID-XOR-NG: 33c91074 6
  1072001,40: [Tue Jun 25 06:34:34.325 2024] EH-RAID-XOR-NG: 33c910ac 7
  1072003,40: [Tue Jun 25 06:34:34.342 2024] EH-RAID-XOR-NG: 33c910cc 8
  1072017,40: [Tue Jun 25 06:34:34.359 2024] EH-RAID-XOR-NG: 33c910a4 9
  1072020,40: [Tue Jun 25 06:34:34.438 2024] EH-RAID-XOR-NG: 33c910ec 1
  1072022,40: [Tue Jun 25 06:34:34.451 2024] EH-RAID-XOR-NG: 33c910cc 2
  1072024,40: [Tue Jun 25 06:34:34.451 2024] EH-RAID-XOR-NG: 33c910ac 3
  1072026,40: [Tue Jun 25 06:34:34.451 2024] EH-RAID-XOR-NG: 33c91084 4
  1072028,40: [Tue Jun 25 06:34:34.466 2024] EH-RAID-XOR-NG: 33c91074 5
  1072030,40: [Tue Jun 25 06:34:34.466 2024] EH-RAID-XOR-NG: 33c91054 6
  1072032,40: [Tue Jun 25 06:34:34.485 2024] EH-RAID-XOR-NG: 33c91044 7
  1072034,40: [Tue Jun 25 06:34:34.485 2024] EH-RAID-XOR-NG: 33c91034 8
  1072036,40: [Tue Jun 25 06:34:34.485 2024] EH-RAID-XOR-NG: 33c91014 9
  1072038,40: [Tue Jun 25 06:34:34.498 2024] EH-RAID-XOR-NG: 33c967a5 3
  1072055,40: [Tue Jun 25 06:34:34.532 2024] EH-RAID-XOR-NG: 33c910ec 1
  1072057,40: [Tue Jun 25 06:34:34.548 2024] EH-RAID-XOR-NG: 33c910cc 2
  1072059,40: [Tue Jun 25 06:34:34.548 2024] EH-RAID-XOR-NG: 33c910ac 3
  1072061,40: [Tue Jun 25 06:34:34.548 2024] EH-RAID-XOR-NG: 33c910a4 4
  1072063,40: [Tue Jun 25 06:34:34.564 2024] EH-RAID-XOR-NG: 33c91084 5
  1072065,40: [Tue Jun 25 06:34:34.564 2024] EH-RAID-XOR-NG: 33c91074 6
  1072067,40: [Tue Jun 25 06:34:34.580 2024] EH-RAID-XOR-NG: 33c91054 7
  1072069,40: [Tue Jun 25 06:34:34.580 2024] EH-RAID-XOR-NG: 33c91034 8
  1072071,40: [Tue Jun 25 06:34:34.580 2024] EH-RAID-XOR-NG: 33c91014 9
  1072080,40: [Tue Jun 25 06:34:34.610 2024] EH-RAID-XOR-NG: 33c910ed 1
  1072082,40: [Tue Jun 25 06:34:34.610 2024] EH-RAID-XOR-NG: 33c910cd 2
  1072084,40: [Tue Jun 25 06:34:34.619 2024] EH-RAID-XOR-NG: 33c910ad 3
  1072086,40: [Tue Jun 25 06:34:34.619 2024] EH-RAID-XOR-NG: 33c910a5 4
  1072088,40: [Tue Jun 25 06:34:34.628 2024] EH-RAID-XOR-NG: 33c91085 5
  1072091,40: [Tue Jun 25 06:34:34.644 2024] EH-RAID-XOR-NG: 33c91055 7
  1072093,40: [Tue Jun 25 06:34:34.644 2024] EH-RAID-XOR-NG: 33c91035 8
  1072095,40: [Tue Jun 25 06:34:34.644 2024] EH-RAID-XOR-NG: 33c91015 9
  1072098,40: [Tue Jun 25 06:34:34.644 2024] EH-RAID-XOR-NG: 33c910ee 1
  1072100,40: [Tue Jun 25 06:34:34.657 2024] EH-RAID-XOR-NG: 33c910ce 2
  1072102,40: [Tue Jun 25 06:34:34.657 2024] EH-RAID-XOR-NG: 33c910ae 3
  1072105,40: [Tue Jun 25 06:34:34.675 2024] EH-RAID-XOR-NG: 33c967a7 3
  1072108,40: [Tue Jun 25 06:34:34.675 2024] EH-RAID-XOR-NG: 33c91076 6
  1072110,40: [Tue Jun 25 06:34:34.675 2024] EH-RAID-XOR-NG: 33c91056 7
  1072112,40: [Tue Jun 25 06:34:34.688 2024] EH-RAID-XOR-NG: 33c91036 8
  1072114,40: [Tue Jun 25 06:34:34.692 2024] EH-RAID-XOR-NG: 33c91016 9
  1072117,40: [Tue Jun 25 06:34:34.706 2024] EH-RAID-XOR-NG: 33c910ef 1
  1072119,40: [Tue Jun 25 06:34:34.706 2024] EH-RAID-XOR-NG: 33c910cf 2
  1072121,40: [Tue Jun 25 06:34:34.706 2024] EH-RAID-XOR-NG: 33c910af 3
  1072123,40: [Tue Jun 25 06:34:34.722 2024] EH-RAID-XOR-NG: 33c910a7 4
  1072125,40: [Tue Jun 25 06:34:34.735 2024] EH-RAID-XOR-NG: 33c91087 5
  1072130,40: [Tue Jun 25 06:34:34.735 2024] EH-RAID-XOR-NG: 33c91057 7
  1072132,40: [Tue Jun 25 06:34:34.735 2024] EH-RAID-XOR-NG: 33c91037 8
  1072134,40: [Tue Jun 25 06:34:34.735 2024] EH-RAID-XOR-NG: 33c91017 9
  1072144,40: [Tue Jun 25 06:34:34.770 2024] EH-RAID-XOR-NG: 33c967ec 1
  1072146,40: [Tue Jun 25 06:34:34.770 2024] EH-RAID-XOR-NG: 33c967cc 2
  1072148,40: [Tue Jun 25 06:34:34.770 2024] EH-RAID-XOR-NG: 33c967a4 3
  1072150,40: [Tue Jun 25 06:34:34.782 2024] EH-RAID-XOR-NG: 33c96784 4
  1072163,40: [Tue Jun 25 06:34:34.819 2024] EH-RAID-XOR-NG: 33c967a5 3
  1072165,40: [Tue Jun 25 06:34:34.819 2024] EH-RAID-XOR-NG: 33c96785 4
  1072168,40: [Tue Jun 25 06:34:34.832 2024] EH-RAID-XOR-NG: 33c967ee 1
  1072170,40: [Tue Jun 25 06:34:34.832 2024] EH-RAID-XOR-NG: 33c967ce 2
  1072172,40: [Tue Jun 25 06:34:34.848 2024] EH-RAID-XOR-NG: 33c967a6 3
  1072174,40: [Tue Jun 25 06:34:34.848 2024] EH-RAID-XOR-NG: 33c96786 4
  1072179,40: [Tue Jun 25 06:34:34.861 2024] EH-RAID-XOR-NG: 33c967cf 2
  1072181,40: [Tue Jun 25 06:34:34.861 2024] EH-RAID-XOR-NG: 33c967a7 3
  1072183,40: [Tue Jun 25 06:34:34.879 2024] EH-RAID-XOR-NG: 33c96787 4
  1072189,40: [Tue Jun 25 06:34:34.896 2024] EH-RAID-XOR-NG: 33c967ee 1
  1072191,40: [Tue Jun 25 06:34:34.896 2024] EH-RAID-XOR-NG: 33c967cc 1
  1072193,40: [Tue Jun 25 06:34:34.896 2024] EH-RAID-XOR-NG: 33c967ac 2
  1072195,40: [Tue Jun 25 06:34:34.919 2024] EH-RAID-XOR-NG: 33c967a4 3
  1072197,40: [Tue Jun 25 06:34:34.927 2024] EH-RAID-XOR-NG: 33c96784 4
  1072205,40: [Tue Jun 25 06:34:34.927 2024] EH-RAID-XOR-NG: 33c967cd 1
  1072207,40: [Tue Jun 25 06:34:34.944 2024] EH-RAID-XOR-NG: 33c967ad 2
  1072209,40: [Tue Jun 25 06:34:34.956 2024] EH-RAID-XOR-NG: 33c967a5 3
  1072211,40: [Tue Jun 25 06:34:34.957 2024] EH-RAID-XOR-NG: 33c96785 4
  1072214,40: [Tue Jun 25 06:34:34.975 2024] EH-RAID-XOR-NG: 33c967ce 1
  1072216,40: [Tue Jun 25 06:34:34.975 2024] EH-RAID-XOR-NG: 33c967ae 2
  1072218,40: [Tue Jun 25 06:34:34.975 2024] EH-RAID-XOR-NG: 33c967a6 3
  1072220,40: [Tue Jun 25 06:34:34.975 2024] EH-RAID-XOR-NG: 33c96786 4
  1072223,40: [Tue Jun 25 06:34:34.988 2024] EH-RAID-XOR-NG: 33c967cf 1
  1072225,40: [Tue Jun 25 06:34:35.003 2024] EH-RAID-XOR-NG: 33c967af 2
  1072228,40: [Tue Jun 25 06:34:35.003 2024] EH-RAID-XOR-NG: 33c967a5 2
  1072238,40: [Tue Jun 25 06:34:35.022 2024] EH-RAID-XOR-NG: 33c967cc 1
  1072240,40: [Tue Jun 25 06:34:35.038 2024] EH-RAID-XOR-NG: 33c967ac 2
  1072242,40: [Tue Jun 25 06:34:35.054 2024] EH-RAID-XOR-NG: 33c967a4 3
  1072244,40: [Tue Jun 25 06:34:35.054 2024] EH-RAID-XOR-NG: 33c96784 4
  1072252,40: [Tue Jun 25 06:34:35.071 2024] EH-RAID-XOR-NG: 33c96785 1
  1072254,40: [Tue Jun 25 06:34:35.086 2024] EH-RAID-XOR-NG: 33c967ad 2
  1072256,40: [Tue Jun 25 06:34:35.086 2024] EH-RAID-XOR-NG: 33c967a5 3
  1072258,40: [Tue Jun 25 06:34:35.086 2024] EH-RAID-XOR-NG: 33c967cd 4
  1072261,40: [Tue Jun 25 06:34:37.275 2024] EH-RAID-XOR-NG: 33c967ce 1
  1072263,40: [Tue Jun 25 06:34:37.290 2024] EH-RAID-XOR-NG: 33c967ae 2
  1072265,40: [Tue Jun 25 06:34:43.751 2024] EH-RAID-XOR-NG: 33c967a6 3
  1072267,40: [Tue Jun 25 06:34:45.734 2024] EH-RAID-XOR-NG: 33c96786 4
  1072270,40: [Tue Jun 25 06:34:45.988 2024] EH-RAID-XOR-NG: 33c967cf 1
  1072272,40: [Tue Jun 25 06:34:48.148 2024] EH-RAID-XOR-NG: 33c967af 2
  1072274,40: [Tue Jun 25 06:34:48.670 2024] EH-RAID-XOR-NG: 33c967a7 3
  1072276,40: [Tue Jun 25 06:34:50.729 2024] EH-RAID-XOR-NG: 33c96787 4
  1072287,40: [Tue Jun 25 06:34:55.696 2024] EH-RAID-XOR-NG: 33c967ec 1
  1072289,40: [Tue Jun 25 06:34:55.714 2024] EH-RAID-XOR-NG: 33c967ac 2
  1072291,40: [Tue Jun 25 06:34:56.144 2024] EH-RAID-XOR-NG: 33c967a4 3
  1072293,40: [Tue Jun 25 06:34:56.751 2024] EH-RAID-XOR-NG: 33c96784 4
  1072302,40: [Tue Jun 25 06:35:05.881 2024] EH-RAID-XOR-NG: 33c967ed 1
  1072304,40: [Tue Jun 25 06:35:06.405 2024] EH-RAID-XOR-NG: 33c967ad 2
  1072306,40: [Tue Jun 25 06:35:06.421 2024] EH-RAID-XOR-NG: 33c967a5 3
  1072308,40: [Tue Jun 25 06:35:07.500 2024] EH-RAID-XOR-NG: 33c96785 4
  1072311,40: [Tue Jun 25 06:35:09.148 2024] EH-RAID-XOR-NG: 33c967ee 1
  1072313,40: [Tue Jun 25 06:35:09.166 2024] EH-RAID-XOR-NG: 33c967ae 2
  1072315,40: [Tue Jun 25 06:35:10.813 2024] EH-RAID-XOR-NG: 33c967a6 3
  1072317,40: [Tue Jun 25 06:35:11.419 2024] EH-RAID-XOR-NG: 33c96786 4
  1072320,40: [Tue Jun 25 06:35:15.746 2024] EH-RAID-XOR-NG: 33c967ef 1
  1072322,40: [Tue Jun 25 06:35:21.198 2024] EH-RAID-XOR-NG: 33c967af 2
  1072324,40: [Tue Jun 25 06:35:21.215 2024] EH-RAID-XOR-NG: 33c967a7 3
  1072326,40: [Tue Jun 25 06:35:21.747 2024] EH-RAID-XOR-NG: 33c96787 4
  1072335,40: [Tue Jun 25 06:35:24.390 2024] EH-RAID-XOR-NG: 33c967ec 1
  1072337,40: [Tue Jun 25 06:35:26.228 2024] EH-RAID-XOR-NG: 33c967ac 2
  1072339,40: [Tue Jun 25 06:35:27.006 2024] EH-RAID-XOR-NG: 33c967a4 3
  1072341,40: [Tue Jun 25 06:35:27.008 2024] EH-RAID-XOR-NG: 33c96784 4
  1072350,40: [Tue Jun 25 06:35:38.177 2024] EH-RAID-XOR-NG: 33c96785 1
  1072352,40: [Tue Jun 25 06:35:40.603 2024] EH-RAID-XOR-NG: 33c967ad 2
  1072354,40: [Tue Jun 25 06:35:40.620 2024] EH-RAID-XOR-NG: 33c967a5 3
  1072356,40: [Tue Jun 25 06:35:43.109 2024] EH-RAID-XOR-NG: 33c967ed 4
  1072359,40: [Tue Jun 25 06:35:43.750 2024] EH-RAID-XOR-NG: 33c967ee 1
  1072361,40: [Tue Jun 25 06:35:44.302 2024] EH-RAID-XOR-NG: 33c967ae 2
  1072363,40: [Tue Jun 25 06:35:44.339 2024] EH-RAID-XOR-NG: 33c967a6 3
  1072365,40: [Tue Jun 25 06:35:47.506 2024] EH-RAID-XOR-NG: 33c96786 4
  1072368,40: [Tue Jun 25 06:35:55.783 2024] EH-RAID-XOR-NG: 33c967ef 1
  1072370,40: [Tue Jun 25 06:35:57.342 2024] EH-RAID-XOR-NG: 33c967af 2
  1072372,40: [Tue Jun 25 06:35:57.342 2024] EH-RAID-XOR-NG: 33c967a7 3
  1072374,40: [Tue Jun 25 06:35:57.720 2024] EH-RAID-XOR-NG: 33c96787 4
  1072385,40: [Tue Jun 25 06:36:01.525 2024] EH-RAID-XOR-NG: 33c967ec 1
  1072387,40: [Tue Jun 25 06:36:12.652 2024] EH-RAID-XOR-NG: 33c967cc 2
  1072389,40: [Tue Jun 25 06:36:12.652 2024] EH-RAID-XOR-NG: 33c967ac 3
  1072391,40: [Tue Jun 25 06:36:13.187 2024] EH-RAID-XOR-NG: 33c96784 4
  1072400,40: [Tue Jun 25 06:36:16.902 2024] EH-RAID-XOR-NG: 33c967cd 1
  1072402,40: [Tue Jun 25 06:36:17.108 2024] EH-RAID-XOR-NG: 33c967ed 2
  1072404,40: [Tue Jun 25 06:36:17.160 2024] EH-RAID-XOR-NG: 33c96785 3
  1072406,40: [Tue Jun 25 06:36:18.312 2024] EH-RAID-XOR-NG: 33c967ad 4
  1072409,40: [Tue Jun 25 06:36:18.645 2024] EH-RAID-XOR-NG: 33c967ee 1
  1072411,40: [Tue Jun 25 06:36:18.664 2024] EH-RAID-XOR-NG: 33c967ce 2
  1072413,40: [Tue Jun 25 06:36:29.503 2024] EH-RAID-XOR-NG: 33c967ae 3
  1072415,40: [Tue Jun 25 06:36:30.486 2024] EH-RAID-XOR-NG: 33c96786 4
  1072418,40: [Tue Jun 25 06:36:31.012 2024] EH-RAID-XOR-NG: 33c967ef 1
  1072420,40: [Tue Jun 25 06:36:31.502 2024] EH-RAID-XOR-NG: 33c967cf 2
  1072422,40: [Tue Jun 25 06:36:33.740 2024] EH-RAID-XOR-NG: 33c967af 3
  1072424,40: [Tue Jun 25 06:36:33.740 2024] EH-RAID-XOR-NG: 33c96787 4
  1072433,40: [Tue Jun 25 06:36:35.300 2024] EH-RAID-XOR-NG: 33c967ec 1
  1072435,40: [Tue Jun 25 06:36:46.751 2024] EH-RAID-XOR-NG: 33c967cc 2
  1072437,40: [Tue Jun 25 06:36:46.751 2024] EH-RAID-XOR-NG: 33c967ac 3
  1072439,40: [Tue Jun 25 06:36:47.497 2024] EH-RAID-XOR-NG: 33c967a4 4
  1072448,40: [Tue Jun 25 06:36:50.796 2024] EH-RAID-XOR-NG: 33c967ed 1
  1072450,40: [Tue Jun 25 06:36:50.809 2024] EH-RAID-XOR-NG: 33c967a5 2
  1072452,40: [Tue Jun 25 06:36:52.589 2024] EH-RAID-XOR-NG: 33c967ad 3
  1072454,40: [Tue Jun 25 06:36:52.844 2024] EH-RAID-XOR-NG: 33c967cd 4
  1072457,40: [Tue Jun 25 06:37:03.863 2024] EH-RAID-XOR-NG: 33c967ee 1
  1072459,40: [Tue Jun 25 06:37:03.863 2024] EH-RAID-XOR-NG: 33c967ce 2
  1072461,40: [Tue Jun 25 06:37:04.717 2024] EH-RAID-XOR-NG: 33c967ae 3
  1072463,40: [Tue Jun 25 06:37:04.720 2024] EH-RAID-XOR-NG: 33c967a6 4
  1072466,40: [Tue Jun 25 06:37:07.277 2024] EH-RAID-XOR-NG: 33c967ef 1
  1072468,40: [Tue Jun 25 06:37:08.055 2024] EH-RAID-XOR-NG: 33c967cf 2
  1072470,40: [Tue Jun 25 06:37:08.067 2024] EH-RAID-XOR-NG: 33c967af 3
  1072472,40: [Tue Jun 25 06:37:09.800 2024] EH-RAID-XOR-NG: 33c967a7 4
  1072481,40: [Tue Jun 25 06:37:21.318 2024] EH-RAID-XOR-NG: 33c967ec 1
  1072483,40: [Tue Jun 25 06:37:21.528 2024] EH-RAID-XOR-NG: 33c967cc 2
  1072485,40: [Tue Jun 25 06:37:22.728 2024] EH-RAID-XOR-NG: 33c967ac 3
  1072487,40: [Tue Jun 25 06:37:22.728 2024] EH-RAID-XOR-NG: 33c967a4 4
  1072496,40: [Tue Jun 25 06:37:25.876 2024] EH-RAID-XOR-NG: 33c967ed 1
  1072498,40: [Tue Jun 25 06:37:26.762 2024] EH-RAID-XOR-NG: 33c967a5 2
  1072500,40: [Tue Jun 25 06:37:27.346 2024] EH-RAID-XOR-NG: 33c967ad 3
  1072502,40: [Tue Jun 25 06:37:27.364 2024] EH-RAID-XOR-NG: 33c967cd 4
  1072505,40: [Tue Jun 25 06:37:38.551 2024] EH-RAID-XOR-NG: 33c967ee 1
  1072507,40: [Tue Jun 25 06:37:39.924 2024] EH-RAID-XOR-NG: 33c967ce 2
  1072509,40: [Tue Jun 25 06:37:40.003 2024] EH-RAID-XOR-NG: 33c967ae 3
  1072511,40: [Tue Jun 25 06:37:41.684 2024] EH-RAID-XOR-NG: 33c967a6 4
  1072514,40: [Tue Jun 25 06:37:42.657 2024] EH-RAID-XOR-NG: 33c967ef 1
  1072516,40: [Tue Jun 25 06:37:42.889 2024] EH-RAID-XOR-NG: 33c967cf 2
  1072518,40: [Tue Jun 25 06:37:43.792 2024] EH-RAID-XOR-NG: 33c967af 3
  1072520,40: [Tue Jun 25 06:37:44.043 2024] EH-RAID-XOR-NG: 33c967a7 4